<html>
<body>
<pre>
<h1>Vision Build Log</h1>
<h2>Project:</h2>
F:\keilworkspace\beepdemo\beedemo.uvproj
Project File Date:  07/26/2018

<h2>Output:</h2>
Build target 'Target 1'
assembling startup_LPC17xx.s...
compiling main.c...
main.c(18): error:  #29: expected an expression
main.c:         LPC_GPIO0->FIODIR |= BEEP;
main.c:                              ^
main.c(19): error:  #29: expected an expression
main.c:         LPC_GPIO0->FIOSET |= BEEP;
main.c:                              ^
main.c(36): error:  #29: expected an expression
main.c:                 LPC_GPIO0 -> FIOSET |= BEEP;//输出，蜂鸣器响起
main.c:                                        ^
main.c(37): error:  #7: unrecognized token
main.c:                 while(delay1S ==0)；
main.c:                                   ^
main.c(37): error:  #29: expected an expression
main.c:                 while(delay1S ==0)；
main.c:                                   ^
main.c(37): error:  #7: unrecognized token
main.c:                 while(delay1S ==0)；
main.c:                                    ^
main.c(38): error:  #7: unrecognized token
main.c:                 delay1S = 0；
main.c:                            ^
main.c(38): error:  #7: unrecognized token
main.c:                 delay1S = 0；
main.c:                             ^
main.c: main.c: 0 warnings, 8 errors
Target not created
Build target 'Target 1'
compiling main.c...
main.c(6): error:  #77-D: this declaration has no storage class or type specifier
main.c:   uint32_t systick = 0;//系统时钟变化
main.c:   ^
main.c(6): error:  #77-D: this declaration has no storage class or type specifier
main.c:   uint32_t systick = 0;//系统时钟变化
main.c:            ^
main.c(7): error:  #77-D: this declaration has no storage class or type specifier
main.c:   uint32_t delay1S = 0;//延迟1秒标志
main.c:   ^
main.c(7): error:  #148: variable "BEEP" has already been initialized
main.c:   uint32_t delay1S = 0;//延迟1秒标志
main.c:   ^
main.c(7): error:  #77-D: this declaration has no storage class or type specifier
main.c:   uint32_t delay1S = 0;//延迟1秒标志
main.c:            ^
main.c(10): error:  #757: variable "BEEP" is not a type name
main.c:   void delay(uint32_t ultime){
main.c:              ^
main.c(10): error:  #18: expected a ")"
main.c:   void delay(uint32_t ultime){
main.c:              ^
main.c(10): error:  #77-D: this declaration has no storage class or type specifier
main.c:   void delay(uint32_t ultime){
main.c:                       ^
main.c(10): error:  #65: expected a ";"
main.c:   void delay(uint32_t ultime){
main.c:                             ^
main.c(37): error:  #7: unrecognized token
main.c:                 while(delay1S ==0)；
main.c:                                   ^
main.c(37): error:  #7: unrecognized token
main.c:                 while(delay1S ==0)；
main.c:                                    ^
main.c(38): error:  #7: unrecognized token
main.c:                 delay1S = 0；
main.c:                            ^
main.c(38): error:  #7: unrecognized token
main.c:                 delay1S = 0；
main.c:                             ^
main.c(41): warning: At end of source:  #12-D: parsing restarts here after previous syntax error
main.c: main.c: 1 warning, 13 errors
Target not created
Build target 'Target 1'
compiling main.c...
main.c(18): error:  #29: expected an expression
main.c:         LPC_GPIO0->FIODIR |= BEEP;
main.c:                              ^
main.c(19): error:  #29: expected an expression
main.c:         LPC_GPIO0->FIOSET |= BEEP;
main.c:                              ^
main.c(36): error:  #29: expected an expression
main.c:                 LPC_GPIO0 -> FIOSET |= BEEP;//输出，蜂鸣器响起
main.c:                                        ^
main.c(37): error:  #7: unrecognized token
main.c:                 while(delay1S ==0)；
main.c:                                   ^
main.c(37): error:  #29: expected an expression
main.c:                 while(delay1S ==0)；
main.c:                                   ^
main.c(37): error:  #7: unrecognized token
main.c:                 while(delay1S ==0)；
main.c:                                    ^
main.c(38): error:  #7: unrecognized token
main.c:                 delay1S = 0；
main.c:                            ^
main.c(38): error:  #7: unrecognized token
main.c:                 delay1S = 0；
main.c:                             ^
main.c: main.c: 0 warnings, 8 errors
Target not created
Build target 'Target 1'
compiling main.c...
main.c(37): error:  #7: unrecognized token
main.c:                 while(delay1S ==0)；
main.c:                                   ^
main.c(37): error:  #29: expected an expression
main.c:                 while(delay1S ==0)；
main.c:                                   ^
main.c(37): error:  #7: unrecognized token
main.c:                 while(delay1S ==0)；
main.c:                                    ^
main.c(38): error:  #7: unrecognized token
main.c:                 delay1S = 0；
main.c:                            ^
main.c(38): error:  #7: unrecognized token
main.c:                 delay1S = 0；
main.c:                             ^
main.c: main.c: 0 warnings, 5 errors
Target not created
Build target 'Target 1'
compiling main.c...
main.c(38): error:  #7: unrecognized token
main.c:                 delay1S = 0；
main.c:                            ^
main.c(38): error:  #65: expected a ";"
main.c:                 delay1S = 0；
main.c:                            ^
main.c(38): error:  #7: unrecognized token
main.c:                 delay1S = 0；
main.c:                             ^
main.c: main.c: 0 warnings, 3 errors
Target not created
Build target 'Target 1'
compiling main.c...
linking...
.\obj\beedemo.axf: Error: L6218E: Undefined symbol SystemInit (referred from main.o).
.\obj\beedemo.axf: Not enough information to list image symbols.
.\obj\beedemo.axf: Finished: 1 information, 0 warning and 1 error messages.
Target not created
